1681800104860	geckodriver	INFO	Listening on 127.0.0.1:55931
1681800104967	mozrunner::runner	INFO	Running command: MOZ_CRASHREPORTER="1" MOZ_CRASHREPORTER_NO_REPORT="1" MOZ_CRASHREPORTER_SHUTDOWN="1" MOZ_NO_REMOTE="1" "/App ... s" "localhost" "-foreground" "-no-remote" "-profile" "/var/folders/1h/4w391kn52y51w5mmd37_xfn80000gq/T/rust_mozprofileUG65Dd"
*** You are running in headless mode.
*** You are running in headless mode.
2023-04-18 16:41:52.630 firefox-bin[9452:934325] Unable to install helper!
*** You are running in headless mode.
WebDriver BiDi listening on ws://127.0.0.1:55932
[GFX1-]: RenderCompositorSWGL failed mapping default framebuffer, no dt
DevTools listening on ws://127.0.0.1:55932/devtools/browser/a31dbaae-ccff-4ffa-a3a4-62f2b7c829c7
1681800115444	geckodriver	INFO	Listening on 127.0.0.1:56007
1681800115961	mozrunner::runner	INFO	Running command: MOZ_CRASHREPORTER="1" MOZ_CRASHREPORTER_NO_REPORT="1" MOZ_CRASHREPORTER_SHUTDOWN="1" MOZ_NO_REMOTE="1" "/App ... s" "localhost" "-foreground" "-no-remote" "-profile" "/var/folders/1h/4w391kn52y51w5mmd37_xfn80000gq/T/rust_mozprofileIsIRkL"
*** You are running in headless mode.
console.warn: services.settings: Ignoring preference override of remote settings server
console.warn: services.settings: Allow by setting MOZ_REMOTE_SETTINGS_DEVTOOLS=1 in the environment
console.error: Policies.jsm: 
  Unable to find certificate - gnm_root_ca.cer
1681800116422	Marionette	INFO	Marionette enabled
1681800116503	Marionette	INFO	Listening on port 56039
console.error: "Warning: unrecognized command line flag -remote-allow-hosts\n"
Read port: 56039
WebDriver BiDi listening on ws://127.0.0.1:56008
1681800117099	RemoteAgent	WARN	TLS certificate errors will be ignored for this session
[GFX1-]: RenderCompositorSWGL failed mapping default framebuffer, no dt
console.warn: SearchSettings: "get: No settings file exists, new profile?" (new NotFoundError("Could not open the file at /var/folders/1h/4w391kn52y51w5mmd37_xfn80000gq/T/rust_mozprofileIsIRkL/search.json.mozlz4", (void 0)))
DevTools listening on ws://127.0.0.1:56008/devtools/browser/30b9c6eb-044a-487d-ad17-6852e25899d1
JavaScript warning: https://www.homeaffairs.gov.au/AssetLibrary/dist/lib/translation/translation.js, line 305: unreachable code after return statement
1681800300074	geckodriver	INFO	Listening on 127.0.0.1:56865
1681800300595	mozrunner::runner	INFO	Running command: MOZ_CRASHREPORTER="1" MOZ_CRASHREPORTER_NO_REPORT="1" MOZ_CRASHREPORTER_SHUTDOWN="1" MOZ_NO_REMOTE="1" "/App ... s" "localhost" "-foreground" "-no-remote" "-profile" "/var/folders/1h/4w391kn52y51w5mmd37_xfn80000gq/T/rust_mozprofileBXBPSd"
*** You are running in headless mode.
console.warn: services.settings: Ignoring preference override of remote settings server
console.warn: services.settings: Allow by setting MOZ_REMOTE_SETTINGS_DEVTOOLS=1 in the environment
console.error: Policies.jsm: 
  Unable to find certificate - gnm_root_ca.cer
1681800300998	Marionette	INFO	Marionette enabled
1681800301053	Marionette	INFO	Listening on port 56878
console.error: "Warning: unrecognized command line flag -remote-allow-hosts\n"
Read port: 56878
WebDriver BiDi listening on ws://127.0.0.1:56866
1681800301647	RemoteAgent	WARN	TLS certificate errors will be ignored for this session
[GFX1-]: RenderCompositorSWGL failed mapping default framebuffer, no dt
console.warn: SearchSettings: "get: No settings file exists, new profile?" (new NotFoundError("Could not open the file at /var/folders/1h/4w391kn52y51w5mmd37_xfn80000gq/T/rust_mozprofileBXBPSd/search.json.mozlz4", (void 0)))
DevTools listening on ws://127.0.0.1:56866/devtools/browser/72ec73f8-f7fd-4262-856d-8d0ecf673338
JavaScript warning: https://www.homeaffairs.gov.au/AssetLibrary/dist/lib/translation/translation.js, line 305: unreachable code after return statement
1681842819940	geckodriver	INFO	Listening on 127.0.0.1:63350
1681842820451	mozrunner::runner	INFO	Running command: MOZ_CRASHREPORTER="1" MOZ_CRASHREPORTER_NO_REPORT="1" MOZ_CRASHREPORTER_SHUTDOWN="1" MOZ_NO_REMOTE="1" "/App ... s" "localhost" "-foreground" "-no-remote" "-profile" "/var/folders/1h/4w391kn52y51w5mmd37_xfn80000gq/T/rust_mozprofileuLFcuC"
*** You are running in headless mode.
console.warn: services.settings: Ignoring preference override of remote settings server
console.warn: services.settings: Allow by setting MOZ_REMOTE_SETTINGS_DEVTOOLS=1 in the environment
console.error: Policies.jsm: 
  Unable to find certificate - gnm_root_ca.cer
1681842820864	Marionette	INFO	Marionette enabled
1681842820918	Marionette	INFO	Listening on port 63366
Read port: 63366
console.error: "Warning: unrecognized command line flag -remote-allow-hosts\n"
WebDriver BiDi listening on ws://127.0.0.1:63351
1681842821550	RemoteAgent	WARN	TLS certificate errors will be ignored for this session
[GFX1-]: RenderCompositorSWGL failed mapping default framebuffer, no dt
console.warn: SearchSettings: "get: No settings file exists, new profile?" (new NotFoundError("Could not open the file at /var/folders/1h/4w391kn52y51w5mmd37_xfn80000gq/T/rust_mozprofileuLFcuC/search.json.mozlz4", (void 0)))
DevTools listening on ws://127.0.0.1:63351/devtools/browser/6d2b7b76-aa99-45ce-b9b9-dcb25b5601f0
JavaScript warning: https://www.homeaffairs.gov.au/AssetLibrary/dist/lib/translation/translation.js, line 305: unreachable code after return statement
1681844872371	geckodriver	INFO	Listening on 127.0.0.1:55892
1681844872392	mozrunner::runner	INFO	Running command: MOZ_CRASHREPORTER="1" MOZ_CRASHREPORTER_NO_REPORT="1" MOZ_CRASHREPORTER_SHUTDOWN="1" MOZ_NO_REMOTE="1" "/App ... s" "localhost" "-foreground" "-no-remote" "-profile" "/var/folders/1h/4w391kn52y51w5mmd37_xfn80000gq/T/rust_mozprofileeW3oII"
2023-04-19 05:08:00.028 firefox-bin[14027:988558] Unable to install helper!
WebDriver BiDi listening on ws://127.0.0.1:55893
1681844887439	geckodriver	INFO	Listening on 127.0.0.1:55974
1681844887965	mozrunner::runner	INFO	Running command: MOZ_CRASHREPORTER="1" MOZ_CRASHREPORTER_NO_REPORT="1" MOZ_CRASHREPORTER_SHUTDOWN="1" MOZ_NO_REMOTE="1" "/App ... s" "localhost" "-foreground" "-no-remote" "-profile" "/var/folders/1h/4w391kn52y51w5mmd37_xfn80000gq/T/rust_mozprofileFLVkgq"
console.warn: services.settings: Ignoring preference override of remote settings server
console.warn: services.settings: Allow by setting MOZ_REMOTE_SETTINGS_DEVTOOLS=1 in the environment
console.error: Policies.jsm: 
  Unable to find certificate - gnm_root_ca.cer
1681844888491	Marionette	INFO	Marionette enabled
1681844888563	Marionette	INFO	Listening on port 55986
Read port: 55986
console.error: "Warning: unrecognized command line flag -remote-allow-hosts\n"
WebDriver BiDi listening on ws://127.0.0.1:55975
1681844888876	RemoteAgent	WARN	TLS certificate errors will be ignored for this session
console.warn: SearchSettings: "get: No settings file exists, new profile?" (new NotFoundError("Could not open the file at /var/folders/1h/4w391kn52y51w5mmd37_xfn80000gq/T/rust_mozprofileFLVkgq/search.json.mozlz4", (void 0)))
DevTools listening on ws://127.0.0.1:55975/devtools/browser/6d0ab8cf-ff6a-4060-a7f7-d98dba8e8e19
JavaScript warning: https://www.homeaffairs.gov.au/AssetLibrary/dist/lib/translation/translation.js, line 305: unreachable code after return statement
JavaScript error: , line 0: NotFoundError: No such JSWindowActor 'DevToolsFrame'
JavaScript error: , line 0: NotFoundError: No such JSWindowActor 'DevToolsFrame'
JavaScript error: , line 0: NotFoundError: No such JSWindowActor 'DevToolsFrame'
1681844933142	Marionette	INFO	Stopped listening on port 55986
[Parent 14039, Main Thread] ###!!! ABORT: file resource://gre/modules/CrashMonitor.jsm:174
1681845212577	geckodriver	INFO	Listening on 127.0.0.1:57779
1681845213103	mozrunner::runner	INFO	Running command: MOZ_CRASHREPORTER="1" MOZ_CRASHREPORTER_NO_REPORT="1" MOZ_CRASHREPORTER_SHUTDOWN="1" MOZ_NO_REMOTE="1" "/App ... s" "localhost" "-foreground" "-no-remote" "-profile" "/var/folders/1h/4w391kn52y51w5mmd37_xfn80000gq/T/rust_mozprofilejYFlUp"
console.warn: services.settings: Ignoring preference override of remote settings server
console.warn: services.settings: Allow by setting MOZ_REMOTE_SETTINGS_DEVTOOLS=1 in the environment
console.error: Policies.jsm: 
  Unable to find certificate - gnm_root_ca.cer
1681845213729	Marionette	INFO	Marionette enabled
1681845213807	Marionette	INFO	Listening on port 57825
Read port: 57825
console.error: "Warning: unrecognized command line flag -remote-allow-hosts\n"
WebDriver BiDi listening on ws://127.0.0.1:57780
1681845214158	RemoteAgent	WARN	TLS certificate errors will be ignored for this session
console.warn: SearchSettings: "get: No settings file exists, new profile?" (new NotFoundError("Could not open the file at /var/folders/1h/4w391kn52y51w5mmd37_xfn80000gq/T/rust_mozprofilejYFlUp/search.json.mozlz4", (void 0)))
DevTools listening on ws://127.0.0.1:57780/devtools/browser/0cd1cde9-0d56-4070-89b8-c2dc23dfc78c
JavaScript warning: https://www.homeaffairs.gov.au/AssetLibrary/dist/lib/translation/translation.js, line 305: unreachable code after return statement
1681845226756	geckodriver	INFO	Listening on 127.0.0.1:57950
1681845227281	mozrunner::runner	INFO	Running command: MOZ_CRASHREPORTER="1" MOZ_CRASHREPORTER_NO_REPORT="1" MOZ_CRASHREPORTER_SHUTDOWN="1" MOZ_NO_REMOTE="1" "/App ... s" "localhost" "-foreground" "-no-remote" "-profile" "/var/folders/1h/4w391kn52y51w5mmd37_xfn80000gq/T/rust_mozprofileLuj38z"
console.warn: services.settings: Ignoring preference override of remote settings server
console.warn: services.settings: Allow by setting MOZ_REMOTE_SETTINGS_DEVTOOLS=1 in the environment
console.error: Policies.jsm: 
  Unable to find certificate - gnm_root_ca.cer
1681845227869	Marionette	INFO	Marionette enabled
1681845227943	Marionette	INFO	Listening on port 57962
console.error: "Warning: unrecognized command line flag -remote-allow-hosts\n"
Read port: 57962
WebDriver BiDi listening on ws://127.0.0.1:57951
1681845228288	RemoteAgent	WARN	TLS certificate errors will be ignored for this session
console.warn: SearchSettings: "get: No settings file exists, new profile?" (new NotFoundError("Could not open the file at /var/folders/1h/4w391kn52y51w5mmd37_xfn80000gq/T/rust_mozprofileLuj38z/search.json.mozlz4", (void 0)))
DevTools listening on ws://127.0.0.1:57951/devtools/browser/00264b80-3608-4e18-85d8-4d5d1f3b1237
JavaScript warning: https://www.homeaffairs.gov.au/AssetLibrary/dist/lib/translation/translation.js, line 305: unreachable code after return statement
1681845265339	Marionette	INFO	Stopped listening on port 57962
1681845267319	Marionette	INFO	Stopped listening on port 57825
1681845351278	geckodriver	INFO	Listening on 127.0.0.1:58660
1681845351297	mozrunner::runner	INFO	Running command: MOZ_CRASHREPORTER="1" MOZ_CRASHREPORTER_NO_REPORT="1" MOZ_CRASHREPORTER_SHUTDOWN="1" MOZ_NO_REMOTE="1" "/App ... s" "localhost" "-foreground" "-no-remote" "-profile" "/var/folders/1h/4w391kn52y51w5mmd37_xfn80000gq/T/rust_mozprofileZ0eHz9"
console.warn: services.settings: Ignoring preference override of remote settings server
console.warn: services.settings: Allow by setting MOZ_REMOTE_SETTINGS_DEVTOOLS=1 in the environment
console.error: Policies.jsm: 
  Unable to find certificate - gnm_root_ca.cer
1681845351837	Marionette	INFO	Marionette enabled
1681845351909	Marionette	INFO	Listening on port 58666
Read port: 58666
console.error: "Warning: unrecognized command line flag -remote-allow-hosts\n"
WebDriver BiDi listening on ws://127.0.0.1:58661
1681845352223	RemoteAgent	WARN	TLS certificate errors will be ignored for this session
console.warn: SearchSettings: "get: No settings file exists, new profile?" (new NotFoundError("Could not open the file at /var/folders/1h/4w391kn52y51w5mmd37_xfn80000gq/T/rust_mozprofileZ0eHz9/search.json.mozlz4", (void 0)))
DevTools listening on ws://127.0.0.1:58661/devtools/browser/29aa20eb-09fe-4b59-b5cb-b5d84aa74bb2
JavaScript warning: https://www.homeaffairs.gov.au/AssetLibrary/dist/lib/translation/translation.js, line 305: unreachable code after return statement
1681845365485	Marionette	INFO	Stopped listening on port 58666
1681845522777	geckodriver	INFO	Listening on 127.0.0.1:59437
1681845522797	mozrunner::runner	INFO	Running command: MOZ_CRASHREPORTER="1" MOZ_CRASHREPORTER_NO_REPORT="1" MOZ_CRASHREPORTER_SHUTDOWN="1" MOZ_NO_REMOTE="1" "/App ... s" "localhost" "-foreground" "-no-remote" "-profile" "/var/folders/1h/4w391kn52y51w5mmd37_xfn80000gq/T/rust_mozprofile199e4T"
console.warn: services.settings: Ignoring preference override of remote settings server
console.warn: services.settings: Allow by setting MOZ_REMOTE_SETTINGS_DEVTOOLS=1 in the environment
console.error: Policies.jsm: 
  Unable to find certificate - gnm_root_ca.cer
1681845523324	Marionette	INFO	Marionette enabled
1681845523404	Marionette	INFO	Listening on port 59447
Read port: 59447
console.error: "Warning: unrecognized command line flag -remote-allow-hosts\n"
WebDriver BiDi listening on ws://127.0.0.1:59438
1681845523720	RemoteAgent	WARN	TLS certificate errors will be ignored for this session
console.warn: SearchSettings: "get: No settings file exists, new profile?" (new NotFoundError("Could not open the file at /var/folders/1h/4w391kn52y51w5mmd37_xfn80000gq/T/rust_mozprofile199e4T/search.json.mozlz4", (void 0)))
DevTools listening on ws://127.0.0.1:59438/devtools/browser/6be6ee06-c1cd-4f40-9713-8c9c71ca2f87
JavaScript warning: https://www.homeaffairs.gov.au/AssetLibrary/dist/lib/translation/translation.js, line 305: unreachable code after return statement
1681845538939	Marionette	INFO	Stopped listening on port 59447
1681845586878	geckodriver	INFO	Listening on 127.0.0.1:59799
1681845586897	mozrunner::runner	INFO	Running command: MOZ_CRASHREPORTER="1" MOZ_CRASHREPORTER_NO_REPORT="1" MOZ_CRASHREPORTER_SHUTDOWN="1" MOZ_NO_REMOTE="1" "/App ... s" "localhost" "-foreground" "-no-remote" "-profile" "/var/folders/1h/4w391kn52y51w5mmd37_xfn80000gq/T/rust_mozprofile8p2gYT"
console.warn: services.settings: Ignoring preference override of remote settings server
console.warn: services.settings: Allow by setting MOZ_REMOTE_SETTINGS_DEVTOOLS=1 in the environment
console.error: Policies.jsm: 
  Unable to find certificate - gnm_root_ca.cer
1681845587419	Marionette	INFO	Marionette enabled
1681845587491	Marionette	INFO	Listening on port 59810
Read port: 59810
console.error: "Warning: unrecognized command line flag -remote-allow-hosts\n"
WebDriver BiDi listening on ws://127.0.0.1:59800
1681845587807	RemoteAgent	WARN	TLS certificate errors will be ignored for this session
console.warn: SearchSettings: "get: No settings file exists, new profile?" (new NotFoundError("Could not open the file at /var/folders/1h/4w391kn52y51w5mmd37_xfn80000gq/T/rust_mozprofile8p2gYT/search.json.mozlz4", (void 0)))
DevTools listening on ws://127.0.0.1:59800/devtools/browser/2201abe2-7a47-4f5d-8efa-ec7b5a1e897a
JavaScript warning: https://www.homeaffairs.gov.au/AssetLibrary/dist/lib/translation/translation.js, line 305: unreachable code after return statement
1681845600608	Marionette	INFO	Stopped listening on port 59810
1681845762699	geckodriver	INFO	Listening on 127.0.0.1:60583
1681845762718	mozrunner::runner	INFO	Running command: MOZ_CRASHREPORTER="1" MOZ_CRASHREPORTER_NO_REPORT="1" MOZ_CRASHREPORTER_SHUTDOWN="1" MOZ_NO_REMOTE="1" "/App ... s" "localhost" "-foreground" "-no-remote" "-profile" "/var/folders/1h/4w391kn52y51w5mmd37_xfn80000gq/T/rust_mozprofile6BPI7o"
console.warn: services.settings: Ignoring preference override of remote settings server
console.warn: services.settings: Allow by setting MOZ_REMOTE_SETTINGS_DEVTOOLS=1 in the environment
console.error: Policies.jsm: 
  Unable to find certificate - gnm_root_ca.cer
1681845763240	Marionette	INFO	Marionette enabled
1681845763320	Marionette	INFO	Listening on port 60593
Read port: 60593
console.error: "Warning: unrecognized command line flag -remote-allow-hosts\n"
WebDriver BiDi listening on ws://127.0.0.1:60584
1681845763634	RemoteAgent	WARN	TLS certificate errors will be ignored for this session
console.warn: SearchSettings: "get: No settings file exists, new profile?" (new NotFoundError("Could not open the file at /var/folders/1h/4w391kn52y51w5mmd37_xfn80000gq/T/rust_mozprofile6BPI7o/search.json.mozlz4", (void 0)))
DevTools listening on ws://127.0.0.1:60584/devtools/browser/a44b8e1a-34ff-47f1-ac72-2224ea74bf59
JavaScript warning: https://www.homeaffairs.gov.au/AssetLibrary/dist/lib/translation/translation.js, line 305: unreachable code after return statement
1681845774392	Marionette	INFO	Stopped listening on port 60593
1681845937867	geckodriver	INFO	Listening on 127.0.0.1:61358
1681845937886	mozrunner::runner	INFO	Running command: MOZ_CRASHREPORTER="1" MOZ_CRASHREPORTER_NO_REPORT="1" MOZ_CRASHREPORTER_SHUTDOWN="1" MOZ_NO_REMOTE="1" "/App ... s" "localhost" "-foreground" "-no-remote" "-profile" "/var/folders/1h/4w391kn52y51w5mmd37_xfn80000gq/T/rust_mozprofilefVmk7m"
*** You are running in headless mode.
console.warn: services.settings: Ignoring preference override of remote settings server
console.warn: services.settings: Allow by setting MOZ_REMOTE_SETTINGS_DEVTOOLS=1 in the environment
console.error: Policies.jsm: 
  Unable to find certificate - gnm_root_ca.cer
1681845938264	Marionette	INFO	Marionette enabled
1681845938317	Marionette	INFO	Listening on port 61364
console.error: "Warning: unrecognized command line flag -remote-allow-hosts\n"
Read port: 61364
WebDriver BiDi listening on ws://127.0.0.1:61359
1681845938787	RemoteAgent	WARN	TLS certificate errors will be ignored for this session
[GFX1-]: RenderCompositorSWGL failed mapping default framebuffer, no dt
console.warn: SearchSettings: "get: No settings file exists, new profile?" (new NotFoundError("Could not open the file at /var/folders/1h/4w391kn52y51w5mmd37_xfn80000gq/T/rust_mozprofilefVmk7m/search.json.mozlz4", (void 0)))
DevTools listening on ws://127.0.0.1:61359/devtools/browser/d9d479c4-2568-4342-ac16-e112e744dbbc
JavaScript warning: https://www.homeaffairs.gov.au/AssetLibrary/dist/lib/translation/translation.js, line 305: unreachable code after return statement
1681846877833	geckodriver	INFO	Listening on 127.0.0.1:65461
1681846877853	mozrunner::runner	INFO	Running command: MOZ_CRASHREPORTER="1" MOZ_CRASHREPORTER_NO_REPORT="1" MOZ_CRASHREPORTER_SHUTDOWN="1" MOZ_NO_REMOTE="1" "/App ... s" "localhost" "-foreground" "-no-remote" "-profile" "/var/folders/1h/4w391kn52y51w5mmd37_xfn80000gq/T/rust_mozprofileGpkFNC"
*** You are running in headless mode.
console.warn: services.settings: Ignoring preference override of remote settings server
console.warn: services.settings: Allow by setting MOZ_REMOTE_SETTINGS_DEVTOOLS=1 in the environment
console.error: Policies.jsm: 
  Unable to find certificate - gnm_root_ca.cer
1681846878214	Marionette	INFO	Marionette enabled
1681846878263	Marionette	INFO	Listening on port 65468
console.error: "Warning: unrecognized command line flag -remote-allow-hosts\n"
Read port: 65468
WebDriver BiDi listening on ws://127.0.0.1:65462
1681846878814	RemoteAgent	WARN	TLS certificate errors will be ignored for this session
[GFX1-]: RenderCompositorSWGL failed mapping default framebuffer, no dt
console.warn: SearchSettings: "get: No settings file exists, new profile?" (new NotFoundError("Could not open the file at /var/folders/1h/4w391kn52y51w5mmd37_xfn80000gq/T/rust_mozprofileGpkFNC/search.json.mozlz4", (void 0)))
DevTools listening on ws://127.0.0.1:65462/devtools/browser/83b87e90-8d9c-490d-ace8-aa910f694c61
JavaScript warning: https://www.homeaffairs.gov.au/AssetLibrary/dist/lib/translation/translation.js, line 305: unreachable code after return statement
1681847997673	geckodriver	INFO	Listening on 127.0.0.1:54011
1681847998195	mozrunner::runner	INFO	Running command: MOZ_CRASHREPORTER="1" MOZ_CRASHREPORTER_NO_REPORT="1" MOZ_CRASHREPORTER_SHUTDOWN="1" MOZ_NO_REMOTE="1" "/App ... s" "localhost" "-foreground" "-no-remote" "-profile" "/var/folders/1h/4w391kn52y51w5mmd37_xfn80000gq/T/rust_mozprofileVzjvTp"
*** You are running in headless mode.
console.warn: services.settings: Ignoring preference override of remote settings server
console.warn: services.settings: Allow by setting MOZ_REMOTE_SETTINGS_DEVTOOLS=1 in the environment
console.error: Policies.jsm: 
  Unable to find certificate - gnm_root_ca.cer
1681847998602	Marionette	INFO	Marionette enabled
1681847998745	Marionette	INFO	Listening on port 54023
console.error: "Warning: unrecognized command line flag -remote-allow-hosts\n"
Read port: 54023
WebDriver BiDi listening on ws://127.0.0.1:54012
1681847999005	RemoteAgent	WARN	TLS certificate errors will be ignored for this session
[GFX1-]: RenderCompositorSWGL failed mapping default framebuffer, no dt
console.warn: SearchSettings: "get: No settings file exists, new profile?" (new NotFoundError("Could not open the file at /var/folders/1h/4w391kn52y51w5mmd37_xfn80000gq/T/rust_mozprofileVzjvTp/search.json.mozlz4", (void 0)))
DevTools listening on ws://127.0.0.1:54012/devtools/browser/b90d476d-3c85-4ee1-9170-c233823c4052
JavaScript warning: https://www.homeaffairs.gov.au/AssetLibrary/dist/lib/translation/translation.js, line 305: unreachable code after return statement
1681848084500	geckodriver	INFO	Listening on 127.0.0.1:54443
1681848085018	mozrunner::runner	INFO	Running command: MOZ_CRASHREPORTER="1" MOZ_CRASHREPORTER_NO_REPORT="1" MOZ_CRASHREPORTER_SHUTDOWN="1" MOZ_NO_REMOTE="1" "/App ... s" "localhost" "-foreground" "-no-remote" "-profile" "/var/folders/1h/4w391kn52y51w5mmd37_xfn80000gq/T/rust_mozprofilesKVHnE"
*** You are running in headless mode.
console.warn: services.settings: Ignoring preference override of remote settings server
console.warn: services.settings: Allow by setting MOZ_REMOTE_SETTINGS_DEVTOOLS=1 in the environment
console.error: Policies.jsm: 
  Unable to find certificate - gnm_root_ca.cer
1681848085394	Marionette	INFO	Marionette enabled
1681848085446	Marionette	INFO	Listening on port 54455
console.error: "Warning: unrecognized command line flag -remote-allow-hosts\n"
Read port: 54455
WebDriver BiDi listening on ws://127.0.0.1:54444
1681848085954	RemoteAgent	WARN	TLS certificate errors will be ignored for this session
[GFX1-]: RenderCompositorSWGL failed mapping default framebuffer, no dt
console.warn: SearchSettings: "get: No settings file exists, new profile?" (new NotFoundError("Could not open the file at /var/folders/1h/4w391kn52y51w5mmd37_xfn80000gq/T/rust_mozprofilesKVHnE/search.json.mozlz4", (void 0)))
DevTools listening on ws://127.0.0.1:54444/devtools/browser/e08be03e-2933-4bfc-b9ee-9c1096e24cdb
JavaScript warning: https://www.homeaffairs.gov.au/AssetLibrary/dist/lib/translation/translation.js, line 305: unreachable code after return statement
